C51 COMPILER V9.00   F31X_BLINKY                                                           01/27/2020 12:15:47 PAGE 1   


C51 COMPILER V9.00, COMPILATION OF MODULE F31X_BLINKY
OBJECT MODULE PLACED IN .\F31x_Blinky.OBJ
COMPILER INVOKED BY: d:\Keil\C51\BIN\C51.exe F:\simplicity_studo_workspace\F31x_Blinky\F31x_Blinky.c OMF2 SMALL DEBUG OB
                    -JECTEXTEND ROM(LARGE) WARNINGLEVEL(2) FLOATFUZZY(3) OPTIMIZE(8,SIZE) INTVECTOR(0X0000) INTPROMOTE INCDIR(D:/SiliconLabs/
                    -SimplicityStudio/v4/developer/sdks/8051/v4.1.7//Device/shared/si8051Base;D:/SiliconLabs/SimplicityStudio/v4/developer/sd
                    -ks/8051/v4.1.7//Device/C8051F310/inc) PRINT(.\F31x_Blinky.lst) COND PAGEWIDTH(120) PAGELENGTH(65) OBJECT(.\F31x_Blinky.O
                    -BJ)

line level    source

   1          
   2          //-----------------------------------------------------------------------------
   3          // Includes
   4          //-----------------------------------------------------------------------------
   5          #include <SI_C8051F310_Register_Enums.h>
   6          #include "./src/timer.h"
   7          #include "./src/uart.h"
   8          #include "./src/adc.h"
   9          #include "./src/sys.h"
  10          #include "sta.h"
  11          
  12          extern unsigned char sta_msg[18];
  13          extern unsigned char sta_msg_len;
  14          
  15          //-----------------------------------------------------------------------------
  16          // SiLabs_Startup() Routine
  17          // ----------------------------------------------------------------------------
  18          // This function is called immediately after reset, before the initialization
  19          // code is run in SILABS_STARTUP.A51 (which runs before main() ). This is a
  20          // useful place to disable the watchdog timer, which is enable by default
  21          // and may trigger before main() in some instances.
  22          //-----------------------------------------------------------------------------
  23          void SiLabs_Startup (void)
  24          {
  25   1         PCA0MD &= ~0x40;                       // WDTE = 0 (clear watchdog timer
  26   1      }
  27          
  28          //-----------------------------------------------------------------------------
  29          // MAIN Routine
  30          //-----------------------------------------------------------------------------
  31          void main (void)
  32          {
  33   1              unsigned int adc_var;
  34   1              unsigned char adc_target = 0;
  35   1      
  36   1              Init_Device();
  37   1      
  38   1              while(1)
  39   1              {
  40   2                      if(ADC_Get(&adc_var) == 1)
  41   2                      {
  42   3                              if(adc_target == 0)
  43   3                                      Teamperature_Convert(adc_var);
  44   3                              else Bite_Convert(adc_var);
  45   3                      }
  46   2      
  47   2                      State_Msg();
  48   2                      UART_Send(sta_msg,sta_msg_len);
  49   2      
  50   2                      ADC_Start(adc_target);
  51   2              }
  52   1      }
C51 COMPILER V9.00   F31X_BLINKY                                                           01/27/2020 12:15:47 PAGE 2   



MODULE INFORMATION:   STATIC OVERLAYABLE
   CODE SIZE        =     59    ----
   CONSTANT SIZE    =   ----    ----
   XDATA SIZE       =   ----    ----
   PDATA SIZE       =   ----    ----
   DATA SIZE        =   ----       3
   IDATA SIZE       =   ----    ----
   BIT SIZE         =   ----    ----
   EDATA SIZE       =   ----    ----
   HDATA SIZE       =   ----    ----
   XDATA CONST SIZE =   ----    ----
   FAR CONST SIZE   =   ----    ----
END OF MODULE INFORMATION.


C51 COMPILATION COMPLETE.  0 WARNING(S),  0 ERROR(S)
