C51 COMPILER V9.00   SYS                                                                   01/27/2020 12:11:38 PAGE 1   


C51 COMPILER V9.00, COMPILATION OF MODULE SYS
OBJECT MODULE PLACED IN .\src\sys.OBJ
COMPILER INVOKED BY: d:\Keil\C51\BIN\C51.exe F:\simplicity_studo_workspace\F31x_Blinky\src\sys.c OMF2 SMALL DEBUG OBJECT
                    -EXTEND ROM(LARGE) WARNINGLEVEL(2) FLOATFUZZY(3) OPTIMIZE(8,SIZE) INTVECTOR(0X0000) INTPROMOTE INCDIR(D:/SiliconLabs/Simp
                    -licityStudio/v4/developer/sdks/8051/v4.1.7//Device/shared/si8051Base;D:/SiliconLabs/SimplicityStudio/v4/developer/sdks/8
                    -051/v4.1.7//Device/C8051F310/inc) PRINT(.\src\sys.lst) COND PAGEWIDTH(120) PAGELENGTH(65) OBJECT(.\src\sys.OBJ)

line level    source

   1          /*
   2           * sys.c
   3           *
   4           *  Created on: 2020Äê1ÔÂ23ÈÕ
   5           *      Author: wrangler
   6           */
   7          #include <SI_C8051F310_Register_Enums.h>
   8          
   9          #include "adc.h"
  10          #include "uart.h"
  11          #include "timer.h"
  12          #include "spi.h"
  13          
  14          unsigned long Sys_Clk = 24500000;
  15          
  16          void Port_IO_Init()
  17          {
  18   1          // P0.0  -  Skipped,     Open-Drain, Digital
  19   1          // P0.1  -  Skipped,     Open-Drain, Digital
  20   1          // P0.2  -  Skipped,     Open-Drain, Digital
  21   1          // P0.3  -  Skipped,     Open-Drain, Digital
  22   1          // P0.4  -  TX0 (UART0), Open-Drain, Digital
  23   1          // P0.5  -  RX0 (UART0), Open-Drain, Digital
  24   1          // P0.6  -  Skipped,     Open-Drain, Digital
  25   1          // P0.7  -  Skipped,     Open-Drain, Digital
  26   1      
  27   1          // P1.0  -  Skipped,     Open-Drain, Digital
  28   1          // P1.1  -  Skipped,     Open-Drain, Digital
  29   1          // P1.2  -  Skipped,     Open-Drain, Digital
  30   1          // P1.3  -  Skipped,     Open-Drain, Digital
  31   1          // P1.4  -  Skipped,     Open-Drain, Digital
  32   1          // P1.5  -  Skipped,     Open-Drain, Digital
  33   1          // P1.6  -  Skipped,     Open-Drain, Digital
  34   1          // P1.7  -  Skipped,     Open-Drain, Digital
  35   1          // P2.0  -  SCK  (SPI0), Open-Drain, Digital
  36   1          // P2.1  -  MISO (SPI0), Open-Drain, Digital
  37   1          // P2.2  -  MOSI (SPI0), Open-Drain, Digital
  38   1          // P2.3  -  NSS  (SPI0), Open-Drain, Digital
  39   1      
  40   1              P0MDOUT  |= 0x10;      // Enable UTX as push-pull output
  41   1              //P2MDOUT  |= 0x0d;      //Enable SCK\MOSI\NSS as push-pull output
  42   1          P3MDIN    = 0xFB;
  43   1          P0SKIP    = 0xCF;
  44   1          P1SKIP    = 0xFF;
  45   1          XBR0      = 0x03;
  46   1          XBR1      = 0x40;
  47   1      }
  48          
  49          void Oscillator_Init()
  50          {
  51   1              //internal osc enable,SYSCLK derived from internal osc divided by 1
  52   1          OSCICN    = 0x83;
  53   1      }
C51 COMPILER V9.00   SYS                                                                   01/27/2020 12:11:38 PAGE 2   

  54          
  55          void Interrupts_Init()
  56          {
  57   1          //IP        = 0x10;
  58   1          IE        = 0x50;
  59   1          //EIE1      |= 0x08;
  60   1          //EIP1      |= 0x08;
  61   1      }
  62          
  63          void Init_Device(void)
  64          {
  65   1              IE &= ~0x80;
  66   1      
  67   1              Port_IO_Init();
  68   1          Oscillator_Init();
  69   1          Timer_Init();
  70   1          UART_Init();
  71   1          //SPI_Init();
  72   1          ADC_Init();
  73   1      
  74   1          Interrupts_Init();
  75   1      
  76   1          IE |= 0x80;
  77   1      }
  78          


MODULE INFORMATION:   STATIC OVERLAYABLE
   CODE SIZE        =     52    ----
   CONSTANT SIZE    =   ----    ----
   XDATA SIZE       =   ----    ----
   PDATA SIZE       =   ----    ----
   DATA SIZE        =      4    ----
   IDATA SIZE       =   ----    ----
   BIT SIZE         =   ----    ----
   EDATA SIZE       =   ----    ----
   HDATA SIZE       =   ----    ----
   XDATA CONST SIZE =   ----    ----
   FAR CONST SIZE   =   ----    ----
END OF MODULE INFORMATION.


C51 COMPILATION COMPLETE.  0 WARNING(S),  0 ERROR(S)
