C51 COMPILER V9.60.0.0   F31X_BLINKY                                                       04/27/2020 20:53:11 PAGE 1   


C51 COMPILER V9.60.0.0, COMPILATION OF MODULE F31X_BLINKY
OBJECT MODULE PLACED IN .\F31x_Blinky.OBJ
COMPILER INVOKED BY: d:\SiliconLabs\SimplicityStudio\v4\developer\toolchains\keil_8051\9.60\BIN\C51.exe F:\simplicity_st
                    -udo_workspace\F31x_Blinky_2\F31x_Blinky.c OMF2 SMALL DEBUG OBJECTEXTEND ROM(LARGE) WARNINGLEVEL(2) FLOATFUZZY(3) OPTIMIZ
                    -E(8,SPEED) INTVECTOR(0X0000) INTPROMOTE INCDIR(D:/SiliconLabs/SimplicityStudio/v4/developer/sdks/8051/v4.1.7//Device/sha
                    -red/si8051Base;D:/SiliconLabs/SimplicityStudio/v4/developer/sdks/8051/v4.1.7//Device/C8051F310/inc) PRINT(.\F31x_Blinky.
                    -lst) COND PAGEWIDTH(120) PAGELENGTH(65) OBJECT(.\F31x_Blinky.OBJ)

line level    source

   1          
   2          //-----------------------------------------------------------------------------
   3          // Includes
   4          //-----------------------------------------------------------------------------
   5          #include <SI_C8051F310_Register_Enums.h>
   6          #include "./src/sys.h"
   7          
   8          //-----------------------------------------------------------------------------
   9          // SiLabs_Startup() Routine
  10          // ----------------------------------------------------------------------------
  11          // This function is called immediately after reset, before the initialization
  12          // code is run in SILABS_STARTUP.A51 (which runs before main() ). This is a
  13          // useful place to disable the watchdog timer, which is enable by default
  14          // and may trigger before main() in some instances.
  15          //-----------------------------------------------------------------------------
  16          void SiLabs_Startup (void)
  17          {
  18   1         PCA0MD &= ~0x40;                       // WDTE = 0 (clear watchdog timer
  19   1      }
  20          
  21          void Delay()
  22          {
  23   1              unsigned int i=0;
  24   1              while(i<60000)
  25   1                      i++;
  26   1      }
  27          
  28          //-----------------------------------------------------------------------------
  29          // MAIN Routine
  30          //-----------------------------------------------------------------------------
  31          void main (void)
  32          {
  33   1              Init_Device();
  34   1      
  35   1              Delay();
  36   1      
  37   1              hmc704_Reset();
*** WARNING C206 IN LINE 37 OF F:\simplicity_studo_workspace\F31x_Blinky_2\F31x_Blinky.c: 'hmc704_Reset': missing functi
             -on-prototype
  38   1              lmx2592_Reset();
*** WARNING C206 IN LINE 38 OF F:\simplicity_studo_workspace\F31x_Blinky_2\F31x_Blinky.c: 'lmx2592_Reset': missing funct
             -ion-prototype
  39   1      
  40   1              hmc704_Config();
*** WARNING C206 IN LINE 40 OF F:\simplicity_studo_workspace\F31x_Blinky_2\F31x_Blinky.c: 'hmc704_Config': missing funct
             -ion-prototype
  41   1      
  42   1              while(1)
  43   1              {
  44   2                      lmx2592_Config();
*** WARNING C206 IN LINE 44 OF F:\simplicity_studo_workspace\F31x_Blinky_2\F31x_Blinky.c: 'lmx2592_Config': missing func
             -tion-prototype
C51 COMPILER V9.60.0.0   F31X_BLINKY                                                       04/27/2020 20:53:11 PAGE 2   

  45   2              }
  46   1      }


MODULE INFORMATION:   STATIC OVERLAYABLE
   CODE SIZE        =     50    ----
   CONSTANT SIZE    =   ----    ----
   XDATA SIZE       =   ----    ----
   PDATA SIZE       =   ----    ----
   DATA SIZE        =   ----    ----
   IDATA SIZE       =   ----    ----
   BIT SIZE         =   ----    ----
   EDATA SIZE       =   ----    ----
   HDATA SIZE       =   ----    ----
   XDATA CONST SIZE =   ----    ----
   FAR CONST SIZE   =   ----    ----
END OF MODULE INFORMATION.


C51 COMPILATION COMPLETE.  4 WARNING(S),  0 ERROR(S)
