C51 COMPILER V9.60.0.0   STA                                                               03/19/2020 17:00:45 PAGE 1   


C51 COMPILER V9.60.0.0, COMPILATION OF MODULE STA
OBJECT MODULE PLACED IN .\sta.OBJ
COMPILER INVOKED BY: d:\SiliconLabs\SimplicityStudio\v4\developer\toolchains\keil_8051\9.60\BIN\C51.exe F:\simplicity_st
                    -udo_workspace\F31x_Blinky\sta.c OMF2 SMALL DEBUG OBJECTEXTEND ROM(LARGE) WARNINGLEVEL(2) FLOATFUZZY(3) OPTIMIZE(8,SPEED)
                    - INTVECTOR(0X0000) INTPROMOTE INCDIR(D:/SiliconLabs/SimplicityStudio/v4/developer/sdks/8051/v4.1.7//Device/shared/si8051
                    -Base;D:/SiliconLabs/SimplicityStudio/v4/developer/sdks/8051/v4.1.7//Device/C8051F310/inc) PRINT(.\sta.lst) COND PAGEWIDT
                    -H(120) PAGELENGTH(65) OBJECT(.\sta.OBJ)

line level    source

   1          /*
   2           * sta.c
   3           *
   4           *  Created on: 2020Äê1ÔÂ27ÈÕ
   5           *      Author: wrangler
   6           */
   7          #include "sta.h"
   8          
   9          extern idata unsigned char sta_msg[18];
  10          extern unsigned char sta_msg_len;
  11          
  12          float temperature = 0.0;
  13          float bite = 0.0;
  14          
  15          unsigned char Float_Format(float var,unsigned char* pBuf)
  16          {
  17   1              unsigned int byte;
  18   1              unsigned char index=0;
  19   1      
  20   1              //100/symbol
  21   1              if(var < 0)
  22   1              {
  23   2                      pBuf[index] = '-';
  24   2                      index++;
  25   2              }
  26   1              else
  27   1              {
  28   2                      byte = var / 100.0;
  29   2                      if(byte != 0)
  30   2                      {
  31   3                              pBuf[index] = byte + 0x30;
  32   3                              index++;
  33   3                      }
  34   2              }
  35   1      
  36   1              //10
  37   1              var -= (byte * 100);
  38   1              byte = var / 10.0;
  39   1              if(byte != 0)
  40   1              {
  41   2                      pBuf[index] = byte + 0x30;
  42   2                      index++;
  43   2              }
  44   1      
  45   1              //1
  46   1              var -= (byte * 10);
  47   1              byte = var;
  48   1              pBuf[index] = byte + 0x30;
  49   1              index++;
  50   1      
  51   1              //.
  52   1              pBuf[index] = '.';
C51 COMPILER V9.60.0.0   STA                                                               03/19/2020 17:00:45 PAGE 2   

  53   1              index++;
  54   1      
  55   1              //.1
  56   1              var -= byte;
  57   1              var *= 10;
  58   1              byte = var;
  59   1              pBuf[index] = byte + 0x30;
  60   1              index++;
  61   1      
  62   1              return index;
  63   1      }
  64          
  65          void Teamperature_Convert(unsigned int adc_var)
  66          {
  67   1              temperature = adc_var;
  68   1              temperature /= 1024.0;
  69   1              temperature *= 3300;
  70   1              temperature -= 897;
  71   1              temperature /= 3.35;
  72   1      }
  73          
  74          void Bite_Convert(unsigned int adc_var)
  75          {
  76   1              bite = adc_var;
  77   1              bite *= 3.3;
  78   1              bite /= 4096.0;
  79   1              bite *= 33.7985;
  80   1              bite += 16.9617;
  81   1      }
  82          
  83          void State_Msg()
  84          {
  85   1              sta_msg_len = 5;
  86   1              sta_msg_len += Float_Format(temperature,sta_msg+sta_msg_len);
  87   1              sta_msg[sta_msg_len] = ',';
  88   1              sta_msg_len++;
  89   1              sta_msg_len += Float_Format(bite,sta_msg+sta_msg_len);
  90   1      
  91   1              sta_msg[sta_msg_len] = '*';
  92   1              sta_msg_len++;
  93   1              sta_msg[sta_msg_len] = 0x0d;
  94   1              sta_msg_len++;
  95   1      
  96   1              sta_msg[sta_msg_len] = 0x0a;
  97   1              sta_msg_len++;
  98   1      }


MODULE INFORMATION:   STATIC OVERLAYABLE
   CODE SIZE        =    667    ----
   CONSTANT SIZE    =   ----    ----
   XDATA SIZE       =   ----    ----
   PDATA SIZE       =   ----    ----
   DATA SIZE        =      8      10
   IDATA SIZE       =   ----    ----
   BIT SIZE         =   ----    ----
   EDATA SIZE       =   ----    ----
   HDATA SIZE       =   ----    ----
   XDATA CONST SIZE =   ----    ----
   FAR CONST SIZE   =   ----    ----
END OF MODULE INFORMATION.


C51 COMPILATION COMPLETE.  0 WARNING(S),  0 ERROR(S)
